
==============================================================================
dap:                                                                        ✅

dap: Adapters ~

dap: Sessions ~
- ✅ OK No active sessions

==============================================================================
lazy:                                                               2 ⚠️  1 ❌

lazy.nvim ~
- {lazy.nvim} version `11.17.5`
- ✅ OK {git} `version 2.53.0`
- ✅ OK no existing packages found by other package managers
- ✅ OK packer_compiled.lua not found

luarocks ~
- checking `hererocks` installation
- ✅ OK no plugins require `luarocks`, so you can ignore any warnings below
- ✅ OK {python3} `Python 3.14.4`
- ❌ ERROR {/home/andres/.local/share/nvim/lazy-rocks/hererocks/bin/luarocks} not installed
- ⚠️ WARNING {/home/andres/.local/share/nvim/lazy-rocks/hererocks/bin/lua} version `5.1` not installed
- ⚠️ WARNING Lazy won't be able to install plugins that require `luarocks`.
  Here's what you can do:
   - fix your `luarocks` installation
   - disable *hererocks* with `opts.rocks.hererocks = false`
   - disable `luarocks` support completely with `opts.rocks.enabled = false`

==============================================================================
mason:                                                                    4 ⚠️

mason.nvim ~
- ✅ OK mason.nvim version v2.2.1
- ✅ OK PATH: prepend
- ✅ OK Providers: 
    mason.providers.registry-api
    mason.providers.client
- ✅ OK neovim version >= 0.10.0

mason.nvim [Registries] ~
- ✅ OK Registry `github.com/mason-org/mason-registry version: 2026-04-18-polish-unit` is installed.
- ✅ OK Registry `SynthesizedRegistrySource` is installed.

mason.nvim [Core utils] ~
- ✅ OK unzip: `UnZip 6.00 of 20 April 2009, by Info-ZIP.  Maintained by C. Spieler.  Send`
- ✅ OK wget: `GNU Wget 1.25.0, a non-interactive network retriever.`
- ✅ OK curl: `curl 8.19.0 (x86_64-pc-linux-gnu) libcurl/8.19.0 OpenSSL/3.6.2 zlib/1.3.2 brotli/1.2.0 zstd/1.5.7 libidn2/2.3.8 libpsl/0.21.5 libssh2/1.11.1 nghttp2/1.68.1 ngtcp2/1.22.1 nghttp3/1.15.0 mit-krb5/1.21.3`
- ✅ OK gzip: `gzip 1.14-modified`
- ✅ OK tar: `tar (GNU tar) 1.35`
- ✅ OK bash: `GNU bash, version 5.3.9(1)-release (x86_64-pc-linux-gnu)`

mason.nvim [Languages] ~
- ⚠️ WARNING luarocks: not available
  - ADVICE:
    - spawn: luarocks failed with exit code - and signal -. Could not find executable "luarocks" in PATH.

- ⚠️ WARNING Composer: not available
  - ADVICE:
    - spawn: composer failed with exit code - and signal -. Could not find executable "composer" in PATH.

- ⚠️ WARNING PHP: not available
  - ADVICE:
    - spawn: php failed with exit code - and signal -. Could not find executable "php" in PATH.

- ✅ OK Go: `go version go1.26.2-X:nodwarf5 linux/amd64`
- ✅ OK Ruby: `ruby 3.4.8 (2025-12-17 revision 995b59f666) +PRISM [x86_64-linux]`
- ✅ OK node: `v25.9.0`
- ✅ OK cargo: `cargo 1.86.0 (adf9b6ad1 2025-02-28)`
- ⚠️ WARNING julia: not available
  - ADVICE:
    - spawn: julia failed with exit code - and signal -. Could not find executable "julia" in PATH.

- ✅ OK python: `Python 3.14.4`
- ✅ OK RubyGem: `3.6.9`
- ✅ OK java: `openjdk version "11.0.30" 2026-01-20`
- ✅ OK npm: `11.12.1`
- ✅ OK javac: `javac 11.0.30`
- ✅ OK pip: `pip 26.0.1 from /usr/lib/python3.14/site-packages/pip (python 3.14)`
- ✅ OK python venv: `Ok`

==============================================================================
nvim-treesitter:                                                            ✅

Requirements ~
- ✅ OK Neovim was compiled with tree-sitter runtime ABI version 15 (required >=13).
- ✅ OK tree-sitter-cli 0.26.8 (/usr/bin/tree-sitter)
- ✅ OK tar 1.35.0 (/usr/bin/tar)
- ✅ OK curl 8.19.0 (/usr/bin/curl)
  curl 8.19.0 (x86_64-pc-linux-gnu) libcurl/8.19.0 OpenSSL/3.6.2 zlib/1.3.2 brotli/1.2.0 zstd/1.5.7 libidn2/2.3.8 libpsl/0.21.5 libssh2/1.11.1 nghttp2/1.68.1 ngtcp2/1.22.1 nghttp3/1.15.0 mit-krb5/1.21.3
  Release-Date: 2026-03-11
  Protocols: dict file ftp ftps gopher gophers http https imap imaps ipfs ipns mqtt mqtts pop3 pop3s rtsp scp sftp smb smbs smtp smtps telnet tftp ws wss
  Features: alt-svc AsynchDNS brotli GSS-API HSTS HTTP2 HTTP3 HTTPS-proxy IDN IPv6 Kerberos Largefile libz NTLM PSL SPNEGO SSL threadsafe TLS-SRP UnixSockets zstd

OS Info ~
- release: 6.19.11-arch1-1
- sysname: Linux
- version: #1 SMP PREEMPT_DYNAMIC Thu, 02 Apr 2026 23:33:01 +0000
- machine: x86_64

Install directory for parsers and queries ~
- /home/andres/.local/share/nvim/site
- ✅ OK is writable.
- ✅ OK is in runtimepath.

Installed languages     H L F I J ~

  Legend: [H]ighlights, [L]ocals, [F]olds, [I]ndents, In[J]ections ~

==============================================================================
rainbow-delimiters:                                                         ✅

- No custom configuration; see :help |rb-delimiters-setup| for information.

==============================================================================
rustaceanvim:                                                             1 ⚠️

Checking for Lua dependencies ~
- ✅ OK [mfussenegger/nvim-dap](https://github.com/mfussenegger/nvim-dap) installed.

Checking external dependencies ~
- ✅ OK rust-analyzer: found rust-analyzer 1.86.0 (05f9846 2025-03-31)
- ✅ OK Cargo: found cargo 1.86.0 (adf9b6ad1 2025-02-28)
- ✅ OK rustc: found rustc 1.86.0 (05f9846f8 2025-03-31)
- ✅ OK debug adapter: found 

Checking config ~
- ✅ OK No errors found in config.

Checking for conflicting plugins ~
- ✅ OK No conflicting plugins detected.

Checking for tree-sitter parser ~
- ⚠️ WARNING No tree-sitter parser for Rust detected. Required by 'Rustc unpretty' command.

==============================================================================
telescope:                                                                  ✅

Checking for required plugins ~
- ✅ OK plenary installed.
- ✅ OK nvim-treesitter installed.

Checking external dependencies ~
- ✅ OK rg: found ripgrep 15.1.0
- ✅ OK fd: found fd 10.4.2

===== Installed extensions ===== ~

==============================================================================
vim.deprecated:                                                           1 ⚠️

 ~
- ⚠️ WARNING vim.tbl_flatten is deprecated. Feature will be removed in Nvim 0.13
  - ADVICE:
    - use vim.iter(…):flatten():totable() instead.
    - stack traceback:
        /home/andres/.local/share/nvim/lazy/nvim-colorizer.lua/lua/colorizer/nvim.lua:96
        /home/andres/.local/share/nvim/lazy/nvim-colorizer.lua/lua/colorizer.lua:588
        /home/andres/.config/nvim/lua/plugins/nvim-colorizer.lua:4
        /home/andres/.local/share/nvim/lazy/lazy.nvim/lua/lazy/core/loader.lua:380
        =[C]:-1
        /home/andres/.local/share/nvim/lazy/lazy.nvim/lua/lazy/core/util.lua:135
        /home/andres/.local/share/nvim/lazy/lazy.nvim/lua/lazy/core/loader.lua:395
        /home/andres/.local/share/nvim/lazy/lazy.nvim/lua/lazy/core/loader.lua:362
        /home/andres/.local/share/nvim/lazy/lazy.nvim/lua/lazy/core/loader.lua:197
        /home/andres/.local/share/nvim/lazy/lazy.nvim/lua/lazy/core/loader.lua:127
        /home/andres/.local/share/nvim/lazy/lazy.nvim/lua/lazy/init.lua:112
        /home/andres/.config/nvim/lua/config/lazy.lua:25
        =[C]:-1
        /home/andres/.config/nvim/lua/config/set.lua:63
        =[C]:-1
        /home/andres/.config/nvim/lua/config/init.lua:1
        =[C]:-1
        /home/andres/Proyectos/dotfiles/.config/nvim/init.lua:1
    - stack traceback:
        /home/andres/.local/share/nvim/lazy/nvim-colorizer.lua/lua/colorizer/nvim.lua:96
        /home/andres/.local/share/nvim/lazy/nvim-colorizer.lua/lua/colorizer.lua:589
        /home/andres/.config/nvim/lua/plugins/nvim-colorizer.lua:4
        /home/andres/.local/share/nvim/lazy/lazy.nvim/lua/lazy/core/loader.lua:380
        =[C]:-1
        /home/andres/.local/share/nvim/lazy/lazy.nvim/lua/lazy/core/util.lua:135
        /home/andres/.local/share/nvim/lazy/lazy.nvim/lua/lazy/core/loader.lua:395
        /home/andres/.local/share/nvim/lazy/lazy.nvim/lua/lazy/core/loader.lua:362
        /home/andres/.local/share/nvim/lazy/lazy.nvim/lua/lazy/core/loader.lua:197
        /home/andres/.local/share/nvim/lazy/lazy.nvim/lua/lazy/core/loader.lua:127
        /home/andres/.local/share/nvim/lazy/lazy.nvim/lua/lazy/init.lua:112
        /home/andres/.config/nvim/lua/config/lazy.lua:25
        =[C]:-1
        /home/andres/.config/nvim/lua/config/set.lua:63
        =[C]:-1
        /home/andres/.config/nvim/lua/config/init.lua:1
        =[C]:-1
        /home/andres/Proyectos/dotfiles/.config/nvim/init.lua:1
    - stack traceback:
        /home/andres/.local/share/nvim/lazy/nvim-colorizer.lua/lua/colorizer/nvim.lua:96
        /home/andres/.local/share/nvim/lazy/nvim-colorizer.lua/lua/colorizer.lua:591
        /home/andres/.config/nvim/lua/plugins/nvim-colorizer.lua:4
        /home/andres/.local/share/nvim/lazy/lazy.nvim/lua/lazy/core/loader.lua:380
        =[C]:-1
        /home/andres/.local/share/nvim/lazy/lazy.nvim/lua/lazy/core/util.lua:135
        /home/andres/.local/share/nvim/lazy/lazy.nvim/lua/lazy/core/loader.lua:395
        /home/andres/.local/share/nvim/lazy/lazy.nvim/lua/lazy/core/loader.lua:362
        /home/andres/.local/share/nvim/lazy/lazy.nvim/lua/lazy/core/loader.lua:197
        /home/andres/.local/share/nvim/lazy/lazy.nvim/lua/lazy/core/loader.lua:127
        /home/andres/.local/share/nvim/lazy/lazy.nvim/lua/lazy/init.lua:112
        /home/andres/.config/nvim/lua/config/lazy.lua:25
        =[C]:-1
        /home/andres/.config/nvim/lua/config/set.lua:63
        =[C]:-1
        /home/andres/.config/nvim/lua/config/init.lua:1
        =[C]:-1
        /home/andres/Proyectos/dotfiles/.config/nvim/init.lua:1
    - stack traceback:
        /home/andres/.local/share/nvim/lazy/nvim-colorizer.lua/lua/colorizer/nvim.lua:96
        /home/andres/.local/share/nvim/lazy/nvim-colorizer.lua/lua/colorizer.lua:617
        /home/andres/.config/nvim/lua/plugins/nvim-colorizer.lua:4
        /home/andres/.local/share/nvim/lazy/lazy.nvim/lua/lazy/core/loader.lua:380
        =[C]:-1
        /home/andres/.local/share/nvim/lazy/lazy.nvim/lua/lazy/core/util.lua:135
        /home/andres/.local/share/nvim/lazy/lazy.nvim/lua/lazy/core/loader.lua:395
        /home/andres/.local/share/nvim/lazy/lazy.nvim/lua/lazy/core/loader.lua:362
        /home/andres/.local/share/nvim/lazy/lazy.nvim/lua/lazy/core/loader.lua:197
        /home/andres/.local/share/nvim/lazy/lazy.nvim/lua/lazy/core/loader.lua:127
        /home/andres/.local/share/nvim/lazy/lazy.nvim/lua/lazy/init.lua:112
        /home/andres/.config/nvim/lua/config/lazy.lua:25
        =[C]:-1
        /home/andres/.config/nvim/lua/config/set.lua:63
        =[C]:-1
        /home/andres/.config/nvim/lua/config/init.lua:1
        =[C]:-1
        /home/andres/Proyectos/dotfiles/.config/nvim/init.lua:1

==============================================================================
vim.health:                                                                 ✅

System Info ~
- ✅ OK Up to date (0.12.1)
- Nvim version: `v0.12.1` 
- Operating system: Linux 6.19.11-arch1-1
- Terminal: WezTerm 20240203-110809-5046fc22
- $TERM: xterm-256color

Configuration ~
- ✅ OK no issues found

Runtime ~
- ✅ OK $VIMRUNTIME: /usr/share/nvim/runtime

Performance ~
- ✅ OK Build type: RelWithDebInfo

Remote Plugins ~
- ✅ OK Up to date

Terminal ~
- key_backspace (kbs) terminfo entry: `key_backspace=\177`
- key_dc (kdch1) terminfo entry: `key_dc=\E[3~`
- $TERM_PROGRAM="WezTerm"
- $COLORTERM="truecolor"

External Tools ~
- ✅ OK ripgrep 15.1.0 (/usr/bin/rg)
- ✅ OK vim.ui.open: handler found (xdg-open)
- ✅ OK git version 2.53.0 (/usr/bin/git)
- ✅ OK curl 8.19.0 (/usr/bin/curl)
  curl 8.19.0 (x86_64-pc-linux-gnu) libcurl/8.19.0 OpenSSL/3.6.2 zlib/1.3.2 brotli/1.2.0 zstd/1.5.7 libidn2/2.3.8 libpsl/0.21.5 libssh2/1.11.1 nghttp2/1.68.1 ngtcp2/1.22.1 nghttp3/1.15.0 mit-krb5/1.21.3
  Release-Date: 2026-03-11
  Protocols: dict file ftp ftps gopher gophers http https imap imaps ipfs ipns mqtt mqtts pop3 pop3s rtsp scp sftp smb smbs smtp smtps telnet tftp ws wss
  Features: alt-svc AsynchDNS brotli GSS-API HSTS HTTP2 HTTP3 HTTPS-proxy IDN IPv6 Kerberos Largefile libz NTLM PSL SPNEGO SSL threadsafe TLS-SRP UnixSockets zstd

==============================================================================
vim.lsp:                                                                    ✅

- LSP log level : WARN
- Log path: /home/andres/.local/state/nvim/lsp.log
- Log size: 0 KB

vim.lsp: Active Features ~

vim.lsp: Active Clients ~
- No active clients

vim.lsp: Enabled Configurations ~

vim.lsp: File Watcher ~
- file watching "(workspace/didChangeWatchedFiles)" disabled on all clients

vim.lsp: Position Encodings ~
- No active clients

==============================================================================
vim.pack:                                                                   ✅

vim.pack: basics ~
- ✅ OK `vim.pack` is not used

==============================================================================
vim.provider:                                                       3 ⚠️  1 ❌

Clipboard (optional) ~
- ✅ OK Clipboard tool found: wl-copy

Node.js provider (optional) ~
- Node.js: 25.9.0
- ⚠️ WARNING Missing "neovim" npm (or yarn, pnpm) package.
  - ADVICE:
    - Run in shell: npm install -g neovim
    - Run in shell (if you use yarn): yarn global add neovim
    - Run in shell (if you use pnpm): pnpm install -g neovim
    - You may disable this provider (and warning) by adding `let g:loaded_node_provider = 0` to your init.vim

Perl provider (optional) ~
- ⚠️ WARNING "Neovim::Ext" cpan module is not installed
  - ADVICE:
    - See :help |provider-perl| for more information.
    - You can disable this provider (and warning) by adding `let g:loaded_perl_provider = 0` to your init.vim
- ⚠️ WARNING No usable perl executable found

Python 3 provider (optional) ~
- `g:python3_host_prog` is not set. Searching for python3.10 in the environment.
- Executable: /usr/bin/python3.10
- ❌ ERROR Failed to run healthcheck for "vim.provider" plugin. Exception:
  /usr/share/nvim/runtime/lua/vim/provider/health.lua:98: Command error (job=9, exit code 1): '/usr/bin/python3.10' -c 'import sys; sys.path = [p for p in sys.path if p != ""]; import neovim; print(neovim.__file__)' (in /home/andres/Proyectos/dotfiles)


==============================================================================
vim.treesitter:                                                             ✅

Treesitter features ~
- Treesitter ABI support: min 13, max 15
- WASM parser support: false

Treesitter parsers ~
- ✅ OK Parser: bash                      ABI: 15, path: /usr/share/nvim/runtime/parser/bash.so
- ✅ OK Parser: c                         ABI: 15, path: /usr/share/nvim/runtime/parser/c.so
- ✅ OK Parser: lua                       ABI: 15, path: /usr/share/nvim/runtime/parser/lua.so
- ✅ OK Parser: markdown                  ABI: 15, path: /usr/share/nvim/runtime/parser/markdown.so
- ✅ OK Parser: markdown_inline           ABI: 15, path: /usr/share/nvim/runtime/parser/markdown_inline.so
- ✅ OK Parser: python                    ABI: 15, path: /usr/share/nvim/runtime/parser/python.so
- ✅ OK Parser: query                     ABI: 15, path: /usr/share/nvim/runtime/parser/query.so
- ✅ OK Parser: vim                       ABI: 15, path: /usr/share/nvim/runtime/parser/vim.so
- ✅ OK Parser: vimdoc                    ABI: 15, path: /usr/share/nvim/runtime/parser/vimdoc.so

Treesitter queries ~
- ✅ OK astro           rainbow-delimiters /home/andres/.local/share/nvim/lazy/rainbow-delimiters.nvim/queries/astro
- ✅ OK awk             rainbow-delimiters /home/andres/.local/share/nvim/lazy/rainbow-delimiters.nvim/queries/awk
- ✅ OK bash            rainbow-delimiters /home/andres/.local/share/nvim/lazy/rainbow-delimiters.nvim/queries/bash
- ✅ OK c               folds           /usr/share/nvim/runtime/queries/c
- ✅ OK c               highlights      /usr/share/nvim/runtime/queries/c
- ✅ OK c               injections      /usr/share/nvim/runtime/queries/c
- ✅ OK c               rainbow-delimiters /home/andres/.local/share/nvim/lazy/rainbow-delimiters.nvim/queries/c
- ✅ OK c_sharp         rainbow-delimiters /home/andres/.local/share/nvim/lazy/rainbow-delimiters.nvim/queries/c_sharp
- ✅ OK clojure         rainbow-delimiters /home/andres/.local/share/nvim/lazy/rainbow-delimiters.nvim/queries/clojure
- ✅ OK commonlisp      rainbow-delimiters /home/andres/.local/share/nvim/lazy/rainbow-delimiters.nvim/queries/commonlisp
- ✅ OK cpp             rainbow-delimiters /home/andres/.local/share/nvim/lazy/rainbow-delimiters.nvim/queries/cpp
- ✅ OK css             highlights      /home/andres/.local/share/nvim/lazy/catppuccin/after/queries/css
- ✅ OK css             rainbow-delimiters /home/andres/.local/share/nvim/lazy/rainbow-delimiters.nvim/queries/css
- ✅ OK cuda            rainbow-delimiters /home/andres/.local/share/nvim/lazy/rainbow-delimiters.nvim/queries/cuda
- ✅ OK cue             rainbow-delimiters /home/andres/.local/share/nvim/lazy/rainbow-delimiters.nvim/queries/cue
- ✅ OK dart            rainbow-delimiters /home/andres/.local/share/nvim/lazy/rainbow-delimiters.nvim/queries/dart
- ✅ OK elixir          rainbow-blocks  /home/andres/.local/share/nvim/lazy/rainbow-delimiters.nvim/queries/elixir
- ✅ OK elixir          rainbow-delimiters /home/andres/.local/share/nvim/lazy/rainbow-delimiters.nvim/queries/elixir
- ✅ OK elm             rainbow-delimiters /home/andres/.local/share/nvim/lazy/rainbow-delimiters.nvim/queries/elm
- ✅ OK fennel          rainbow-delimiters /home/andres/.local/share/nvim/lazy/rainbow-delimiters.nvim/queries/fennel
- ✅ OK fish            rainbow-delimiters /home/andres/.local/share/nvim/lazy/rainbow-delimiters.nvim/queries/fish
- ✅ OK fsharp          rainbow-delimiters /home/andres/.local/share/nvim/lazy/rainbow-delimiters.nvim/queries/fsharp
- ✅ OK gleam           rainbow-delimiters /home/andres/.local/share/nvim/lazy/rainbow-delimiters.nvim/queries/gleam
- ✅ OK glsl            rainbow-delimiters /home/andres/.local/share/nvim/lazy/rainbow-delimiters.nvim/queries/glsl
- ✅ OK go              rainbow-delimiters /home/andres/.local/share/nvim/lazy/rainbow-delimiters.nvim/queries/go
- ✅ OK groovy          rainbow-delimiters /home/andres/.local/share/nvim/lazy/rainbow-delimiters.nvim/queries/groovy
- ✅ OK haskell         rainbow-delimiters /home/andres/.local/share/nvim/lazy/rainbow-delimiters.nvim/queries/haskell
- ✅ OK hcl             rainbow-delimiters /home/andres/.local/share/nvim/lazy/rainbow-delimiters.nvim/queries/hcl
- ✅ OK html            rainbow-delimiters /home/andres/.local/share/nvim/lazy/rainbow-delimiters.nvim/queries/html
- ✅ OK htmldjango      rainbow-delimiters /home/andres/.local/share/nvim/lazy/rainbow-delimiters.nvim/queries/htmldjango
- ✅ OK janet_simple    rainbow-delimiters /home/andres/.local/share/nvim/lazy/rainbow-delimiters.nvim/queries/janet_simple
- ✅ OK java            rainbow-delimiters /home/andres/.local/share/nvim/lazy/rainbow-delimiters.nvim/queries/java
- ✅ OK javascript      highlights      /home/andres/.local/share/nvim/lazy/catppuccin/after/queries/javascript
- ✅ OK javascript      rainbow-delimiters /home/andres/.local/share/nvim/lazy/rainbow-delimiters.nvim/queries/javascript
- ✅ OK javascript      rainbow-delimiters-react /home/andres/.local/share/nvim/lazy/rainbow-delimiters.nvim/queries/javascript
- ✅ OK javascript      rainbow-parens  /home/andres/.local/share/nvim/lazy/rainbow-delimiters.nvim/queries/javascript
- ✅ OK javascript      rainbow-tags-react /home/andres/.local/share/nvim/lazy/rainbow-delimiters.nvim/queries/javascript
- ✅ OK json            rainbow-delimiters /home/andres/.local/share/nvim/lazy/rainbow-delimiters.nvim/queries/json
- ✅ OK json5           rainbow-delimiters /home/andres/.local/share/nvim/lazy/rainbow-delimiters.nvim/queries/json5
- ✅ OK jsonc           rainbow-delimiters /home/andres/.local/share/nvim/lazy/rainbow-delimiters.nvim/queries/jsonc
- ✅ OK jsonnet         rainbow-delimiters /home/andres/.local/share/nvim/lazy/rainbow-delimiters.nvim/queries/jsonnet
- ✅ OK julia           rainbow-delimiters /home/andres/.local/share/nvim/lazy/rainbow-delimiters.nvim/queries/julia
- ✅ OK kdl             rainbow-delimiters /home/andres/.local/share/nvim/lazy/rainbow-delimiters.nvim/queries/kdl
- ✅ OK kotlin          rainbow-delimiters /home/andres/.local/share/nvim/lazy/rainbow-delimiters.nvim/queries/kotlin
- ✅ OK latex           rainbow-blocks  /home/andres/.local/share/nvim/lazy/rainbow-delimiters.nvim/queries/latex
- ✅ OK latex           rainbow-delimiters /home/andres/.local/share/nvim/lazy/rainbow-delimiters.nvim/queries/latex
- ✅ OK lua             folds           /usr/share/nvim/runtime/queries/lua
- ✅ OK lua             highlights      /usr/share/nvim/runtime/queries/lua
- ✅ OK lua             injections      /usr/share/nvim/runtime/queries/lua
- ✅ OK lua             rainbow-blocks  /home/andres/.local/share/nvim/lazy/rainbow-delimiters.nvim/queries/lua
- ✅ OK lua             rainbow-delimiters /home/andres/.local/share/nvim/lazy/rainbow-delimiters.nvim/queries/lua
- ✅ OK luadoc          rainbow-delimiters /home/andres/.local/share/nvim/lazy/rainbow-delimiters.nvim/queries/luadoc
- ✅ OK make            rainbow-delimiters /home/andres/.local/share/nvim/lazy/rainbow-delimiters.nvim/queries/make
- ✅ OK markdown        folds           /usr/share/nvim/runtime/queries/markdown
- ✅ OK markdown        highlights      /usr/share/nvim/runtime/queries/markdown
- ✅ OK markdown        injections      /usr/share/nvim/runtime/queries/markdown
- ✅ OK markdown        rainbow-delimiters /home/andres/.local/share/nvim/lazy/rainbow-delimiters.nvim/queries/markdown
- ✅ OK markdown_inline highlights      /usr/share/nvim/runtime/queries/markdown_inline
- ✅ OK markdown_inline injections      /usr/share/nvim/runtime/queries/markdown_inline
- ✅ OK nickel          rainbow-delimiters /home/andres/.local/share/nvim/lazy/rainbow-delimiters.nvim/queries/nickel
- ✅ OK nim             rainbow-delimiters /home/andres/.local/share/nvim/lazy/rainbow-delimiters.nvim/queries/nim
- ✅ OK nix             rainbow-delimiters /home/andres/.local/share/nvim/lazy/rainbow-delimiters.nvim/queries/nix
- ✅ OK nu              rainbow-delimiters /home/andres/.local/share/nvim/lazy/rainbow-delimiters.nvim/queries/nu
- ✅ OK ocaml           rainbow-blocks  /home/andres/.local/share/nvim/lazy/rainbow-delimiters.nvim/queries/ocaml
- ✅ OK ocaml           rainbow-delimiters /home/andres/.local/share/nvim/lazy/rainbow-delimiters.nvim/queries/ocaml
- ✅ OK odin            rainbow-delimiters /home/andres/.local/share/nvim/lazy/rainbow-delimiters.nvim/queries/odin
- ✅ OK perl            rainbow-delimiters /home/andres/.local/share/nvim/lazy/rainbow-delimiters.nvim/queries/perl
- ✅ OK php             rainbow-delimiters /home/andres/.local/share/nvim/lazy/rainbow-delimiters.nvim/queries/php
- ✅ OK python          rainbow-delimiters /home/andres/.local/share/nvim/lazy/rainbow-delimiters.nvim/queries/python
- ✅ OK qmljs           rainbow-delimiters /home/andres/.local/share/nvim/lazy/rainbow-delimiters.nvim/queries/qmljs
- ✅ OK query           folds           /usr/share/nvim/runtime/queries/query
- ✅ OK query           highlights      /usr/share/nvim/runtime/queries/query
- ✅ OK query           rainbow-blocks  /home/andres/.local/share/nvim/lazy/rainbow-delimiters.nvim/queries/query
- ✅ OK query           rainbow-delimiters /home/andres/.local/share/nvim/lazy/rainbow-delimiters.nvim/queries/query
- ✅ OK r               rainbow-delimiters /home/andres/.local/share/nvim/lazy/rainbow-delimiters.nvim/queries/r
- ✅ OK racket          rainbow-delimiters /home/andres/.local/share/nvim/lazy/rainbow-delimiters.nvim/queries/racket
- ✅ OK rasi            rainbow-delimiters /home/andres/.local/share/nvim/lazy/rainbow-delimiters.nvim/queries/rasi
- ✅ OK regex           rainbow-delimiters /home/andres/.local/share/nvim/lazy/rainbow-delimiters.nvim/queries/regex
- ✅ OK rst             rainbow-delimiters /home/andres/.local/share/nvim/lazy/rainbow-delimiters.nvim/queries/rst
- ✅ OK ruby            rainbow-delimiters /home/andres/.local/share/nvim/lazy/rainbow-delimiters.nvim/queries/ruby
- ✅ OK rust            rainbow-delimiters /home/andres/.local/share/nvim/lazy/rainbow-delimiters.nvim/queries/rust
- ✅ OK scheme          rainbow-delimiters /home/andres/.local/share/nvim/lazy/rainbow-delimiters.nvim/queries/scheme
- ✅ OK scss            rainbow-delimiters /home/andres/.local/share/nvim/lazy/rainbow-delimiters.nvim/queries/scss
- ✅ OK sql             rainbow-delimiters /home/andres/.local/share/nvim/lazy/rainbow-delimiters.nvim/queries/sql
- ✅ OK starlark        rainbow-delimiters /home/andres/.local/share/nvim/lazy/rainbow-delimiters.nvim/queries/starlark
- ✅ OK svelte          rainbow-delimiters /home/andres/.local/share/nvim/lazy/rainbow-delimiters.nvim/queries/svelte
- ✅ OK swift           rainbow-delimiters /home/andres/.local/share/nvim/lazy/rainbow-delimiters.nvim/queries/swift
- ✅ OK systemverilog   rainbow-blocks  /home/andres/.local/share/nvim/lazy/rainbow-delimiters.nvim/queries/systemverilog
- ✅ OK systemverilog   rainbow-delimiters /home/andres/.local/share/nvim/lazy/rainbow-delimiters.nvim/queries/systemverilog
- ✅ OK teal            rainbow-delimiters /home/andres/.local/share/nvim/lazy/rainbow-delimiters.nvim/queries/teal
- ✅ OK templ           rainbow-delimiters /home/andres/.local/share/nvim/lazy/rainbow-delimiters.nvim/queries/templ
- ✅ OK terraform       rainbow-delimiters /home/andres/.local/share/nvim/lazy/rainbow-delimiters.nvim/queries/terraform
- ✅ OK toml            rainbow-delimiters /home/andres/.local/share/nvim/lazy/rainbow-delimiters.nvim/queries/toml
- ✅ OK tsx             rainbow-delimiters /home/andres/.local/share/nvim/lazy/rainbow-delimiters.nvim/queries/tsx
- ✅ OK tsx             rainbow-parens  /home/andres/.local/share/nvim/lazy/rainbow-delimiters.nvim/queries/tsx
- ✅ OK tsx             rainbow-tags-react /home/andres/.local/share/nvim/lazy/rainbow-delimiters.nvim/queries/tsx
- ✅ OK typescript      highlights      /home/andres/.local/share/nvim/lazy/catppuccin/after/queries/typescript
- ✅ OK typescript      rainbow-delimiters /home/andres/.local/share/nvim/lazy/rainbow-delimiters.nvim/queries/typescript
- ✅ OK typescript      rainbow-parens  /home/andres/.local/share/nvim/lazy/rainbow-delimiters.nvim/queries/typescript
- ✅ OK typst           rainbow-delimiters /home/andres/.local/share/nvim/lazy/rainbow-delimiters.nvim/queries/typst
- ✅ OK vim             folds           /usr/share/nvim/runtime/queries/vim
- ✅ OK vim             highlights      /usr/share/nvim/runtime/queries/vim
- ✅ OK vim             injections      /usr/share/nvim/runtime/queries/vim
- ✅ OK vim             rainbow-delimiters /home/andres/.local/share/nvim/lazy/rainbow-delimiters.nvim/queries/vim
- ✅ OK vimdoc          highlights      /usr/share/nvim/runtime/queries/vimdoc
- ✅ OK vimdoc          injections      /usr/share/nvim/runtime/queries/vimdoc
- ✅ OK vimdoc          rainbow-delimiters /home/andres/.local/share/nvim/lazy/rainbow-delimiters.nvim/queries/vimdoc
- ✅ OK vue             rainbow-delimiters /home/andres/.local/share/nvim/lazy/rainbow-delimiters.nvim/queries/vue
- ✅ OK wgsl            rainbow-delimiters /home/andres/.local/share/nvim/lazy/rainbow-delimiters.nvim/queries/wgsl
- ✅ OK xml             rainbow-delimiters /home/andres/.local/share/nvim/lazy/rainbow-delimiters.nvim/queries/xml
- ✅ OK yaml            rainbow-delimiters /home/andres/.local/share/nvim/lazy/rainbow-delimiters.nvim/queries/yaml
- ✅ OK yuck            rainbow-delimiters /home/andres/.local/share/nvim/lazy/rainbow-delimiters.nvim/queries/yuck
- ✅ OK zig             rainbow-delimiters /home/andres/.local/share/nvim/lazy/rainbow-delimiters.nvim/queries/zig

